<?xml version="1.0" encoding="UTF-8"?>
<!-- Generated by org.testng.reporters.JUnitXMLReporter -->
<testsuite ignored="0" hostname="Aaradhya" failures="4" tests="4" name="Test" time="0.234" errors="0" timestamp="2025-11-06T19:13:10 IST">
  <testcase classname="testscript.LoginPageTest" name="invalidUsernameAndValidpassword" time="0.0">
    <failure type="org.testng.TestNGException" message="
Parameter &amp;apos;username&amp;apos; is required by @Test on method invalidUsernameAndValidpassword but has not been marked @Optional or defined
in C:\Users\aarad\eclipse-workspace\7rMartSuperMarket\testng.xml">
      <![CDATA[org.testng.TestNGException: 
Parameter 'username' is required by @Test on method invalidUsernameAndValidpassword but has not been marked @Optional or defined
in C:\Users\aarad\eclipse-workspace\7rMartSuperMarket\testng.xml
at java.base/java.util.ArrayList.forEach(ArrayList.java:1596)
... Removed 26 stack frames]]>
    </failure>
  </testcase> <!-- invalidUsernameAndValidpassword -->
  <testcase classname="testscript.LoginPageTest" name="invalidUsernameAndinvalidpassword" time="0.014">
    <failure type="java.lang.Error" message="Unresolved compilation problem: 
	driver cannot be resolved to a variable
">
      <![CDATA[java.lang.Error: Unresolved compilation problem: 
driver cannot be resolved to a variable

at testscript.LoginPageTest.invalidUsernameAndinvalidpassword(LoginPageTest.java:32)
at java.base/java.util.ArrayList.forEach(ArrayList.java:1596)
... Removed 25 stack frames]]>
    </failure>
  </testcase> <!-- invalidUsernameAndinvalidpassword -->
  <testcase classname="testscript.LoginPageTest" name="invalidUsernameAndinvalidpassword" time="0.006">
    <failure type="java.lang.Error" message="Unresolved compilation problem: 
	driver cannot be resolved to a variable
">
      <![CDATA[java.lang.Error: Unresolved compilation problem: 
driver cannot be resolved to a variable

at testscript.LoginPageTest.invalidUsernameAndinvalidpassword(LoginPageTest.java:32)
at java.base/java.util.ArrayList.forEach(ArrayList.java:1596)
... Removed 25 stack frames]]>
    </failure>
  </testcase> <!-- invalidUsernameAndinvalidpassword -->
  <testcase classname="testscript.LoginPageTest" name="verifyLoginPage" time="0.009">
    <failure type="java.lang.Error" message="Unresolved compilation problem: 
	driver cannot be resolved to a variable
">
      <![CDATA[java.lang.Error: Unresolved compilation problem: 
driver cannot be resolved to a variable

at testscript.LoginPageTest.verifyLoginPage(LoginPageTest.java:15)
at java.base/java.util.ArrayList.forEach(ArrayList.java:1596)
... Removed 25 stack frames]]>
    </failure>
  </testcase> <!-- verifyLoginPage -->
</testsuite> <!-- Test -->
