<?xml version="1.0" encoding="UTF-8"?>
<testng-results ignored="0" total="1" passed="1" failed="0" skipped="0">
  <reporter-output>
  </reporter-output>
  <suite started-at="2025-11-30T21:03:48 IST" name="Parameter" finished-at="2025-11-30T21:04:00 IST" duration-ms="11970">
    <groups>
    </groups>
    <test started-at="2025-11-30T21:03:48 IST" name="AdminUsersEdit" finished-at="2025-11-30T21:04:00 IST" duration-ms="11970">
      <class name="testscript.AdminUsersEditTest">
        <test-method is-config="true" signature="beforeMethod(java.lang.String)[pri:0, instance:testscript.AdminUsersEditTest@43e9a8a2]" started-at="2025-11-30T21:03:48 IST" name="beforeMethod" finished-at="2025-11-30T21:03:53 IST" duration-ms="5503" status="PASS">
          <params>
            <param index="0">
              <value>
                <![CDATA[Chrome]]>
              </value>
            </param>
          </params>
          <reporter-output>
          </reporter-output>
        </test-method> <!-- beforeMethod -->
        <test-method signature="verifyAdminUserEditFeature(java.lang.String,java.lang.String)[pri:0, instance:testscript.AdminUsersEditTest@43e9a8a2]" started-at="2025-11-30T21:03:53 IST" name="verifyAdminUserEditFeature" finished-at="2025-11-30T21:04:00 IST" duration-ms="6273" status="PASS">
          <params>
            <param index="0">
              <value>
                <![CDATA[admin]]>
              </value>
            </param>
            <param index="1">
              <value>
                <![CDATA[admin]]>
              </value>
            </param>
          </params>
          <reporter-output>
          </reporter-output>
        </test-method> <!-- verifyAdminUserEditFeature -->
        <test-method is-config="true" signature="afterMethod(org.testng.ITestResult)[pri:0, instance:testscript.AdminUsersEditTest@43e9a8a2]" started-at="2025-11-30T21:04:00 IST" name="afterMethod" finished-at="2025-11-30T21:04:00 IST" duration-ms="4" status="PASS">
          <params>
            <param index="0">
              <value>
                <![CDATA[[TestResult name=verifyAdminUserEditFeature status=SUCCESS method=AdminUsersEditTest.verifyAdminUserEditFeature(java.lang.String,java.lang.String)[pri:0, instance:testscript.AdminUsersEditTest@43e9a8a2] output={null}]]]>
              </value>
            </param>
          </params>
          <reporter-output>
          </reporter-output>
        </test-method> <!-- afterMethod -->
      </class> <!-- testscript.AdminUsersEditTest -->
    </test> <!-- AdminUsersEdit -->
  </suite> <!-- Parameter -->
</testng-results>
