<?xml version="1.0" encoding="UTF-8"?>
<!-- Generated by org.testng.reporters.JUnitXMLReporter -->
<testsuite ignored="0" hostname="Aaradhya" failures="0" tests="5" name="parallelTest.xml" time="170.971" errors="0" timestamp="2025-11-25T20:26:26 IST">
  <testcase classname="testscript.LoginPageTest" name="invalidUsernameAndinvalidpassword" time="14.346"/>
  <testcase classname="testscript.ManageNewsTest" name="verifyNews" time="36.728"/>
  <testcase classname="testscript.LoginPageTest" name="invalidUsernameAndinvalidpassword" time="5.469"/>
  <testcase classname="testscript.LoginPageTest" name="verifyLoginWithValidUsernameAndPassword" time="37.233"/>
  <testcase classname="testscript.LoginPageTest" name="verifyLoginWithinvalidUsernameAndValidpassword" time="12.714"/>
</testsuite> <!-- parallelTest.xml -->
