<?xml version="1.0" encoding="UTF-8"?>
<!-- Generated by org.testng.reporters.JUnitReportReporter -->
<testsuite hostname="Aaradhya" failures="0" tests="2" name="testscript.AdminUsersTestPage" time="17.160" errors="0" timestamp="2025-11-30T20:18:20 IST" skipped="0">
  <testcase classname="testscript.AdminUsersTestPage" name="verifyAdminUserInfo" time="9.652"/>
  <testcase classname="testscript.AdminUsersTestPage" name="verifySearchData" time="7.508"/>
</testsuite> <!-- testscript.AdminUsersTestPage -->
