<?xml version="1.0" encoding="UTF-8"?>
<!-- Generated by org.testng.reporters.JUnitReportReporter -->
<testsuite hostname="Aaradhya" failures="0" tests="4" name="testscript.LoginPageTest" time="162.227" errors="0" timestamp="2025-11-25T20:26:50 IST" skipped="0">
  <testcase classname="testscript.LoginPageTest" name="invalidUsernameAndinvalidpassword" time="32.758"/>
  <testcase classname="testscript.LoginPageTest" name="verifyLoginWithinvalidUsernameAndValidpassword" time="33.225"/>
  <testcase classname="testscript.LoginPageTest" name="verifyLoginWithValidUsernameAndPassword" time="78.065"/>
  <testcase classname="testscript.LoginPageTest" name="invalidUsernameAndinvalidpassword" time="18.179"/>
</testsuite> <!-- testscript.LoginPageTest -->
