<?xml version="1.0" encoding="UTF-8"?>
<!-- Generated by org.testng.reporters.JUnitXMLReporter -->
<testsuite ignored="1" hostname="Aaradhya" failures="0" tests="3" name="grouping.xml" time="89.97" errors="0" timestamp="2025-11-25T20:08:47 IST">
  <testcase classname="testscript.LoginPageTest" name="invalidUsernameAndinvalidpassword" time="5.206"/>
  <testcase classname="testscript.LoginPageTest" name="invalidUsernameAndinvalidpassword" time="4.561"/>
  <testcase classname="testscript.LoginPageTest" name="verifyLoginWithValidUsernameAndPassword" time="48.719"/>
  <testcase classname="testscript.LoginPageTest" name="verifyLoginWithinvalidUsernameAndValidpassword" time="0.0">
    <ignored/>
  </testcase> <!-- verifyLoginWithinvalidUsernameAndValidpassword -->
</testsuite> <!-- grouping.xml -->
