<?xml version="1.0" encoding="UTF-8"?>
<!-- Generated by org.testng.reporters.JUnitReportReporter -->
<testsuite hostname="Aaradhya" failures="0" tests="3" name="testscript.LoginPageTest" time="52.753" errors="0" timestamp="2025-11-27T20:08:16 IST" skipped="0">
  <testcase classname="testscript.LoginPageTest" name="invalidUsernameAndinvalidpassword" time="19.259"/>
  <testcase classname="testscript.LoginPageTest" name="verifyLoginWithValidUsernameAndPassword" time="19.213"/>
  <testcase classname="testscript.LoginPageTest" name="invalidUsernameAndinvalidpassword" time="14.281"/>
</testsuite> <!-- testscript.LoginPageTest -->
