<?xml version="1.0" encoding="UTF-8"?>
<!-- Generated by org.testng.reporters.JUnitXMLReporter -->
<testsuite ignored="1" hostname="Aaradhya" failures="0" tests="3" name="grouping.xml" time="53.223" errors="0" timestamp="2025-11-27T20:08:15 IST">
  <testcase classname="testscript.LoginPageTest" name="invalidUsernameAndinvalidpassword" time="3.431"/>
  <testcase classname="testscript.LoginPageTest" name="invalidUsernameAndinvalidpassword" time="3.348"/>
  <testcase classname="testscript.LoginPageTest" name="verifyLoginWithValidUsernameAndPassword" time="11.366"/>
  <testcase classname="testscript.LoginPageTest" name="verifyLoginWithinvalidUsernameAndValidpassword" time="0.0">
    <ignored/>
  </testcase> <!-- verifyLoginWithinvalidUsernameAndValidpassword -->
</testsuite> <!-- grouping.xml -->
